2025-12-12 17:32:53, MOVE, v:1, k:poo@estacionamento, mode:DOWN
2025-12-12 17:32:58, MOVE, v:1, k:poo@estacionamento, mode:PICK
2025-12-12 17:33:11, EXEC, v:1, k:poo@estacionamento, mode:FULL, rate:0, size:0
2025-12-12 17:33:16, MOVE, v:1, k:poo@estacionamento, mode:BACK
2025-12-12 17:33:18, MOVE, v:1, k:poo@estacionamento, mode:PICK
2025-12-12 17:41:34, EXEC, v:1, k:poo@estacionamento, mode:FULL, rate:0
2025-12-12 18:07:12, MOVE, v:1, k:poo@estacionamento, mode:BACK
2025-12-12 18:07:38, MOVE, v:1, k:poo@estacionamento, mode:PICK
2025-12-12 18:07:39, EXEC, v:1, k:poo@estacionamento, mode:FULL, rate:0, size:35
2025-12-12 18:44:40, EXEC, v:1, k:poo@estacionamento, mode:FULL, rate:0, size:67
2025-12-12 18:44:41, MOVE, v:1, k:poo@estacionamento, mode:BACK
2025-12-12 18:45:06, MOVE, v:1, k:poo@estacionamento, mode:PICK
2025-12-12 18:45:11, MOVE, v:1, k:poo@estacionamento, mode:BACK
2025-12-12 19:43:09, MOVE, v:1, k:poo@estacionamento, mode:PICK
2025-12-12 19:43:11, EXEC, v:1, k:poo@estacionamento, mode:FULL, rate:0
2025-12-12 20:30:12, EXEC, v:1, k:poo@estacionamento, mode:FULL, rate:0, size:94
2025-12-12 20:32:37, EXEC, v:1, k:poo@estacionamento, mode:FULL, rate:0, size:97
2025-12-12 20:32:39, EXEC, v:1, k:poo@estacionamento, mode:FULL, rate:0
2025-12-12 20:37:44, EXEC, v:1, k:poo@estacionamento, mode:FULL, rate:0, size:97
2025-12-12 20:37:45, MOVE, v:1, k:poo@estacionamento, mode:BACK
2025-12-12 21:01:59, MOVE, v:1, k:poo@estacionamento, mode:PICK
2025-12-12 21:02:02, EXEC, v:1, k:poo@estacionamento, mode:FULL, rate:0
2025-12-12 21:02:04, EXEC, v:1, k:poo@estacionamento, mode:FULL, rate:0
2025-12-12 21:02:05, EXEC, v:1, k:poo@estacionamento, mode:FULL, rate:0
2025-12-12 21:11:46, MOVE, v:1, k:poo@estacionamento, mode:BACK
2025-12-12 21:11:53, MOVE, v:1, k:poo@zoo, mode:PICK
2025-12-12 21:11:54, EXEC, v:1, k:poo@zoo, mode:LOCK, rate:100, size:24
2025-12-12 21:24:46, EXEC, v:1, k:poo@zoo, mode:LOCK, rate:0, size:30
2025-12-12 21:38:20, EXEC, v:1, k:poo@zoo, mode:LOCK, rate:0, size:66
2025-12-12 21:38:21, EXEC, v:1, k:poo@zoo, mode:LOCK, rate:0
2025-12-12 21:38:30, MOVE, v:1, k:poo@zoo, mode:BACK
2025-12-12 21:38:33, MOVE, v:1, k:poo@zoo, mode:PICK
2025-12-12 21:38:37, EXEC, v:1, k:poo@zoo, mode:FREE
2025-12-12 21:47:38, EXEC, v:1, k:poo@zoo, mode:LOCK, rate:0, size:65
2025-12-12 21:47:39, EXEC, v:1, k:poo@zoo, mode:LOCK, rate:0
2025-12-12 21:47:59, MOVE, v:1, k:poo@zoo, mode:BACK
