2025-12-14 15:13:36, MOVE, v:1, k:poo@pagamento, mode:PICK
2025-12-14 15:13:37, EXEC, v:1, k:poo@pagamento, mode:LOCK, rate:100, size:69
2025-12-14 15:13:38, EXEC, v:1, k:poo@pagamento, mode:LOCK, rate:100
2025-12-14 16:05:35, EXEC, v:1, k:poo@pagamento, mode:LOCK, rate:0, size:112
2025-12-14 16:05:36, EXEC, v:1, k:poo@pagamento, mode:LOCK, rate:0
2025-12-14 16:05:44, EXEC, v:1, k:poo@pagamento, mode:LOCK, rate:0, size:112
2025-12-14 16:06:45, MOVE, v:1, k:poo@pagamento, mode:PICK
2025-12-14 16:06:45, EXEC, v:1, k:poo@pagamento, mode:LOCK, rate:0, size:112
2025-12-14 16:06:50, EXEC, v:1, k:poo@pagamento, mode:LOCK, rate:0
2025-12-14 16:07:16, EXEC, v:1, k:poo@pagamento, mode:LOCK, rate:0, size:112
2025-12-14 16:07:21, EXEC, v:1, k:poo@pagamento, mode:LOCK, rate:0
2025-12-14 16:07:23, EXEC, v:1, k:poo@pagamento, mode:LOCK, rate:0
2025-12-14 16:07:26, EXEC, v:1, k:poo@pagamento, mode:LOCK, rate:0
2025-12-14 16:10:29, EXEC, v:1, k:poo@pagamento, mode:LOCK, rate:0, size:112
2025-12-14 16:11:08, MOVE, v:1, k:poo@pagamento, mode:BACK
2025-12-14 16:11:24, MOVE, v:1, k:poo@pagamento, mode:PICK
2025-12-14 16:11:25, EXEC, v:1, k:poo@pagamento, mode:LOCK, rate:0
2025-12-14 16:11:26, EXEC, v:1, k:poo@pagamento, mode:LOCK, rate:0
2025-12-14 16:21:17, EXEC, v:1, k:poo@pagamento, mode:LOCK, rate:0, size:112
2025-12-14 16:21:20, EXEC, v:1, k:poo@pagamento, mode:LOCK, rate:0
2025-12-14 16:21:22, MOVE, v:1, k:poo@pagamento, mode:BACK
2025-12-14 16:21:37, MOVE, v:1, k:poo@pagamento, mode:PICK
2025-12-14 16:21:38, EXEC, v:1, k:poo@pagamento, mode:LOCK, rate:0
2025-12-14 16:24:19, EXEC, v:1, k:poo@pagamento, mode:LOCK, rate:0, size:116
2025-12-14 16:24:30, EXEC, v:1, k:poo@pagamento, mode:LOCK, rate:0, size:116
2025-12-14 16:24:35, MOVE, v:1, k:poo@pagamento, mode:BACK
2025-12-14 16:24:38, MOVE, v:1, k:poo@pagamento, mode:PICK
2025-12-14 16:24:39, MOVE, v:1, k:poo@pagamento, mode:BACK
2025-12-14 16:25:16, MOVE, v:1, k:poo@pagamento, mode:PICK
2025-12-14 16:25:16, EXEC, v:1, k:poo@pagamento, mode:LOCK, rate:0
2025-12-14 16:25:17, EXEC, v:1, k:poo@pagamento, mode:LOCK, rate:0
2025-12-14 16:25:18, MOVE, v:1, k:poo@pagamento, mode:BACK
2025-12-14 16:26:19, MOVE, v:1, k:poo@pagamento, mode:PICK
2025-12-14 16:26:19, EXEC, v:1, k:poo@pagamento, mode:LOCK, rate:0, size:114
2025-12-14 16:26:20, EXEC, v:1, k:poo@pagamento, mode:LOCK, rate:0
2025-12-14 16:26:34, MOVE, v:1, k:poo@pagamento, mode:BACK
2025-12-14 16:26:47, MOVE, v:1, k:poo@zoo, mode:PICK
2025-12-14 16:26:49, EXEC, v:1, k:poo@zoo, mode:LOCK, rate:0
2025-12-14 16:27:23, MOVE, v:1, k:poo@zoo, mode:BACK
2025-12-14 16:27:28, MOVE, v:1, k:poo@estacionamento, mode:PICK
2025-12-14 16:27:30, MOVE, v:1, k:poo@estacionamento, mode:BACK
2025-12-14 16:28:59, SELF, v:1, k:poo@estacionamento, rate:100, human:sim_amigos, iagen:sim, guide:sim_video_aula, other:anotacoes, alone:9, study:485
2025-12-14 16:29:21, MOVE, v:1, k:poo@pagamento, mode:PICK
2025-12-14 16:29:22, MOVE, v:1, k:poo@pagamento, mode:BACK
2025-12-14 16:30:28, SELF, v:1, k:poo@pagamento, rate:100, human:sim_professor, iagen:nao, guide:sim_videoaula, other:sim_anotacoes, alone:10, study:120
2025-12-14 16:30:36, MOVE, v:1, k:poo@zoo, mode:PICK
2025-12-14 16:30:38, MOVE, v:1, k:poo@zoo, mode:BACK
2025-12-14 16:31:26, SELF, v:1, k:poo@zoo, rate:100, human:sim_amigos, iagen:nao, guide:sim_videoaula, other:anotacoes, alone:10, study:65
