2025-12-13 14:29:19, MOVE, v:1, k:poo@estacionamento, mode:PICK
2025-12-13 14:29:21, EXEC, v:1, k:poo@estacionamento, mode:FULL, rate:0
2025-12-13 14:34:03, EXEC, v:1, k:poo@estacionamento, mode:FULL, rate:0, size:104
2025-12-13 14:34:05, EXEC, v:1, k:poo@estacionamento, mode:FULL, rate:0
2025-12-13 14:37:59, EXEC, v:1, k:poo@estacionamento, mode:FULL, rate:0, size:104
2025-12-13 14:38:00, EXEC, v:1, k:poo@estacionamento, mode:FULL, rate:0
2025-12-13 14:38:01, EXEC, v:1, k:poo@estacionamento, mode:FULL, rate:0
2025-12-13 14:44:26, EXEC, v:1, k:poo@estacionamento, mode:FULL, rate:0, size:110
2025-12-13 14:44:28, EXEC, v:1, k:poo@estacionamento, mode:FULL, rate:0
2025-12-13 14:44:50, EXEC, v:1, k:poo@estacionamento, mode:FULL, rate:0, size:110
2025-12-13 14:44:56, EXEC, v:1, k:poo@estacionamento, mode:FULL, rate:0, size:110
2025-12-13 14:45:21, EXEC, v:1, k:poo@estacionamento, mode:FULL, rate:0, size:110
2025-12-13 14:49:16, EXEC, v:1, k:poo@estacionamento, mode:FULL, rate:0, size:110
2025-12-13 14:49:22, EXEC, v:1, k:poo@estacionamento, mode:FULL, rate:0
2025-12-13 14:49:48, EXEC, v:1, k:poo@estacionamento, mode:FULL, rate:0
2025-12-13 14:49:49, EXEC, v:1, k:poo@estacionamento, mode:FULL, rate:0
2025-12-13 14:49:50, EXEC, v:1, k:poo@estacionamento, mode:FULL, rate:0
2025-12-13 15:04:04, MOVE, v:1, k:poo@estacionamento, mode:BACK
2025-12-13 15:08:04, MOVE, v:1, k:poo@estacionamento, mode:PICK
2025-12-13 15:08:05, EXEC, v:1, k:poo@estacionamento, mode:FULL, rate:0, size:113
2025-12-13 15:09:19, EXEC, v:1, k:poo@estacionamento, mode:FULL, rate:0, size:114
2025-12-13 15:09:20, EXEC, v:1, k:poo@estacionamento, mode:FULL, rate:0
2025-12-13 15:11:45, EXEC, v:1, k:poo@estacionamento, mode:FULL, rate:0, size:114
2025-12-13 15:15:12, EXEC, v:1, k:poo@estacionamento, mode:FULL, rate:0, size:114
2025-12-13 15:15:15, EXEC, v:1, k:poo@estacionamento, mode:FULL, rate:0
2025-12-13 15:16:45, EXEC, v:1, k:poo@estacionamento, mode:FULL, rate:0, size:114
2025-12-13 15:16:47, EXEC, v:1, k:poo@estacionamento, mode:FULL, rate:0
2025-12-13 15:16:48, EXEC, v:1, k:poo@estacionamento, mode:FULL, rate:0
2025-12-13 15:16:49, EXEC, v:1, k:poo@estacionamento, mode:FULL, rate:0
2025-12-13 15:16:49, EXEC, v:1, k:poo@estacionamento, mode:FULL, rate:0
2025-12-13 15:16:49, EXEC, v:1, k:poo@estacionamento, mode:FULL, rate:0
2025-12-13 15:16:49, EXEC, v:1, k:poo@estacionamento, mode:FULL, rate:0
2025-12-13 15:16:49, EXEC, v:1, k:poo@estacionamento, mode:FULL, rate:0
2025-12-13 15:16:49, EXEC, v:1, k:poo@estacionamento, mode:FULL, rate:0
2025-12-13 15:16:50, EXEC, v:1, k:poo@estacionamento, mode:FULL, rate:0
2025-12-13 15:17:37, MOVE, v:1, k:poo@estacionamento, mode:BACK
2025-12-13 15:25:00, MOVE, v:1, k:poo@estacionamento, mode:PICK
2025-12-13 15:25:02, EXEC, v:1, k:poo@estacionamento, mode:FULL, rate:0
2025-12-13 15:30:23, EXEC, v:1, k:poo@estacionamento, mode:FULL, rate:0, size:114
2025-12-13 15:30:57, EXEC, v:1, k:poo@estacionamento, mode:FULL, rate:0, size:114
2025-12-13 15:30:58, EXEC, v:1, k:poo@estacionamento, mode:FULL, rate:0
2025-12-13 15:30:58, EXEC, v:1, k:poo@estacionamento, mode:FULL, rate:0
2025-12-13 15:30:59, EXEC, v:1, k:poo@estacionamento, mode:FULL, rate:0
2025-12-13 15:33:00, EXEC, v:1, k:poo@estacionamento, mode:FULL, rate:0, size:113
2025-12-13 15:34:05, EXEC, v:1, k:poo@estacionamento, mode:FULL, rate:0, size:113
2025-12-13 15:34:07, EXEC, v:1, k:poo@estacionamento, mode:FULL, rate:0
2025-12-13 15:35:26, EXEC, v:1, k:poo@estacionamento, mode:FULL, rate:0, size:113
2025-12-13 15:41:32, EXEC, v:1, k:poo@estacionamento, mode:FULL, rate:0, size:115
2025-12-13 15:41:33, EXEC, v:1, k:poo@estacionamento, mode:FULL, rate:0
2025-12-13 15:41:33, EXEC, v:1, k:poo@estacionamento, mode:FULL, rate:0
2025-12-13 15:41:33, EXEC, v:1, k:poo@estacionamento, mode:FULL, rate:0
2025-12-13 15:41:34, EXEC, v:1, k:poo@estacionamento, mode:FULL, rate:0
2025-12-13 15:41:34, EXEC, v:1, k:poo@estacionamento, mode:FULL, rate:0
2025-12-13 15:41:34, EXEC, v:1, k:poo@estacionamento, mode:FULL, rate:0
2025-12-13 15:41:34, EXEC, v:1, k:poo@estacionamento, mode:FULL, rate:0
2025-12-13 15:47:19, EXEC, v:1, k:poo@estacionamento, mode:FULL, rate:0, size:115
2025-12-13 15:47:24, EXEC, v:1, k:poo@estacionamento, mode:FULL, rate:0
2025-12-13 15:50:35, MOVE, v:1, k:poo@estacionamento, mode:BACK
2025-12-13 15:53:00, MOVE, v:1, k:poo@estacionamento, mode:PICK
2025-12-13 15:53:00, EXEC, v:1, k:poo@estacionamento, mode:FULL, rate:0
2025-12-13 15:53:01, EXEC, v:1, k:poo@estacionamento, mode:FULL, rate:0
2025-12-13 15:53:13, MOVE, v:1, k:poo@estacionamento, mode:BACK
2025-12-13 15:53:38, MOVE, v:1, k:poo@estacionamento, mode:PICK
2025-12-13 15:53:39, EXEC, v:1, k:poo@estacionamento, mode:FULL, rate:0, size:115
2025-12-13 15:53:39, EXEC, v:1, k:poo@estacionamento, mode:FULL, rate:0, size:115
2025-12-13 15:53:52, EXEC, v:1, k:poo@estacionamento, mode:FULL, rate:0, size:115
2025-12-13 15:53:53, EXEC, v:1, k:poo@estacionamento, mode:FULL, rate:0
2025-12-13 15:54:01, EXEC, v:1, k:poo@estacionamento, mode:FULL, rate:0
2025-12-13 15:54:02, EXEC, v:1, k:poo@estacionamento, mode:FULL, rate:0
2025-12-13 15:54:25, EXEC, v:1, k:poo@estacionamento, mode:FULL, rate:0
2025-12-13 15:54:26, EXEC, v:1, k:poo@estacionamento, mode:FULL, rate:0
2025-12-13 15:54:26, EXEC, v:1, k:poo@estacionamento, mode:FULL, rate:0
2025-12-13 15:54:26, EXEC, v:1, k:poo@estacionamento, mode:FULL, rate:0
2025-12-13 15:54:26, EXEC, v:1, k:poo@estacionamento, mode:FULL, rate:0
2025-12-13 15:54:27, EXEC, v:1, k:poo@estacionamento, mode:FULL, rate:0
2025-12-13 15:54:27, EXEC, v:1, k:poo@estacionamento, mode:FULL, rate:0
2025-12-13 15:54:27, EXEC, v:1, k:poo@estacionamento, mode:FULL, rate:0
2025-12-13 15:54:27, EXEC, v:1, k:poo@estacionamento, mode:FULL, rate:0
2025-12-13 15:54:27, EXEC, v:1, k:poo@estacionamento, mode:FULL, rate:0
2025-12-13 15:54:27, EXEC, v:1, k:poo@estacionamento, mode:FULL, rate:0
2025-12-13 15:54:27, EXEC, v:1, k:poo@estacionamento, mode:FULL, rate:0
2025-12-13 15:54:28, EXEC, v:1, k:poo@estacionamento, mode:FULL, rate:0
2025-12-13 15:54:28, EXEC, v:1, k:poo@estacionamento, mode:FULL, rate:0
2025-12-13 15:54:28, EXEC, v:1, k:poo@estacionamento, mode:FULL, rate:0
2025-12-13 15:54:28, EXEC, v:1, k:poo@estacionamento, mode:FULL, rate:0
2025-12-13 15:54:28, EXEC, v:1, k:poo@estacionamento, mode:FULL, rate:0
2025-12-13 15:54:28, EXEC, v:1, k:poo@estacionamento, mode:FULL, rate:0
2025-12-13 15:54:29, EXEC, v:1, k:poo@estacionamento, mode:FULL, rate:0
2025-12-13 15:54:49, EXEC, v:1, k:poo@estacionamento, mode:FULL, rate:0, size:115
2025-12-13 15:54:50, EXEC, v:1, k:poo@estacionamento, mode:FULL, rate:0
2025-12-13 15:54:56, EXEC, v:1, k:poo@estacionamento, mode:FULL, rate:0, size:115
2025-12-13 15:55:42, EXEC, v:1, k:poo@estacionamento, mode:FULL, rate:0, size:115
2025-12-13 15:56:07, EXEC, v:1, k:poo@estacionamento, mode:FULL, rate:0, size:115
2025-12-13 15:56:08, EXEC, v:1, k:poo@estacionamento, mode:FULL, rate:0
2025-12-13 15:56:52, EXEC, v:1, k:poo@estacionamento, mode:FULL, rate:0, size:115
2025-12-13 15:57:02, EXEC, v:1, k:poo@estacionamento, mode:FULL, rate:0, size:115
2025-12-13 15:57:03, EXEC, v:1, k:poo@estacionamento, mode:FULL, rate:0
2025-12-13 15:57:18, EXEC, v:1, k:poo@estacionamento, mode:FULL, rate:0, size:115
2025-12-13 15:57:19, EXEC, v:1, k:poo@estacionamento, mode:FULL, rate:0
2025-12-13 15:57:35, EXEC, v:1, k:poo@estacionamento, mode:FULL, rate:0, size:115
2025-12-13 16:00:03, MOVE, v:1, k:poo@estacionamento, mode:BACK
2025-12-13 16:11:12, MOVE, v:1, k:poo@estacionamento, mode:PICK
2025-12-13 16:11:13, EXEC, v:1, k:poo@estacionamento, mode:FULL, rate:0, size:116
2025-12-13 16:16:37, EXEC, v:1, k:poo@estacionamento, mode:FULL, rate:0, size:121
2025-12-13 16:16:38, EXEC, v:1, k:poo@estacionamento, mode:FULL, rate:0
2025-12-13 16:16:39, EXEC, v:1, k:poo@estacionamento, mode:FULL, rate:0
2025-12-13 16:24:26, EXEC, v:1, k:poo@estacionamento, mode:FULL, rate:0, size:121
2025-12-13 16:24:27, EXEC, v:1, k:poo@estacionamento, mode:FULL, rate:0
2025-12-13 16:24:27, EXEC, v:1, k:poo@estacionamento, mode:FULL, rate:0
2025-12-13 16:24:28, EXEC, v:1, k:poo@estacionamento, mode:FULL, rate:0
2025-12-13 16:30:36, EXEC, v:1, k:poo@estacionamento, mode:FULL, rate:0, size:122
2025-12-13 16:30:37, EXEC, v:1, k:poo@estacionamento, mode:FULL, rate:0
2025-12-13 16:32:31, EXEC, v:1, k:poo@estacionamento, mode:FULL, rate:25, size:122
2025-12-13 16:33:36, EXEC, v:1, k:poo@estacionamento, mode:FULL, rate:0, size:122
2025-12-13 16:33:48, EXEC, v:1, k:poo@estacionamento, mode:FULL, rate:25, size:122
2025-12-13 16:34:49, EXEC, v:1, k:poo@estacionamento, mode:FULL, rate:0, size:122
2025-12-13 16:35:00, EXEC, v:1, k:poo@estacionamento, mode:FULL, rate:0, size:122
2025-12-13 16:35:31, EXEC, v:1, k:poo@estacionamento, mode:FULL, rate:0, size:122
2025-12-13 16:35:42, EXEC, v:1, k:poo@estacionamento, mode:FULL, rate:0, size:122
2025-12-13 16:35:57, EXEC, v:1, k:poo@estacionamento, mode:FULL, rate:0, size:122
2025-12-13 16:36:13, EXEC, v:1, k:poo@estacionamento, mode:FULL, rate:25, size:122
2025-12-13 16:37:18, EXEC, v:1, k:poo@estacionamento, mode:FULL, rate:25
2025-12-13 16:37:34, EXEC, v:1, k:poo@estacionamento, mode:FULL, rate:0, size:122
2025-12-13 16:37:46, EXEC, v:1, k:poo@estacionamento, mode:FULL, rate:0, size:122
2025-12-13 16:37:57, EXEC, v:1, k:poo@estacionamento, mode:FULL, rate:25, size:122
2025-12-13 16:38:10, EXEC, v:1, k:poo@estacionamento, mode:FULL, rate:0, size:122
2025-12-13 16:38:20, EXEC, v:1, k:poo@estacionamento, mode:FULL, rate:25, size:122
2025-12-13 16:38:36, EXEC, v:1, k:poo@estacionamento, mode:FULL, rate:0, size:122
2025-12-13 16:38:48, EXEC, v:1, k:poo@estacionamento, mode:FULL, rate:0
2025-12-13 16:38:59, EXEC, v:1, k:poo@estacionamento, mode:FULL, rate:25, size:122
2025-12-13 16:46:39, EXEC, v:1, k:poo@estacionamento, mode:FULL, rate:0, size:130
2025-12-13 16:46:58, EXEC, v:1, k:poo@estacionamento, mode:FULL, rate:0, size:130
2025-12-13 16:47:16, EXEC, v:1, k:poo@estacionamento, mode:FULL, rate:25, size:130
2025-12-13 16:47:32, MOVE, v:1, k:poo@estacionamento, mode:BACK
2025-12-13 17:41:10, MOVE, v:1, k:poo@estacionamento, mode:PICK
2025-12-13 17:41:12, EXEC, v:1, k:poo@estacionamento, mode:FULL, rate:25
2025-12-13 17:41:31, EXEC, v:1, k:poo@estacionamento, mode:FULL, rate:25
2025-12-13 17:41:46, EXEC, v:1, k:poo@estacionamento, mode:FULL, rate:25
2025-12-13 17:41:57, EXEC, v:1, k:poo@estacionamento, mode:FULL, rate:25, size:130
2025-12-13 17:42:09, EXEC, v:1, k:poo@estacionamento, mode:FULL, rate:50, size:130
2025-12-13 17:42:29, EXEC, v:1, k:poo@estacionamento, mode:FULL, rate:50, size:130
2025-12-13 17:42:40, EXEC, v:1, k:poo@estacionamento, mode:FULL, rate:50, size:130
2025-12-13 17:43:00, EXEC, v:1, k:poo@estacionamento, mode:FULL, rate:50
2025-12-13 17:43:10, EXEC, v:1, k:poo@estacionamento, mode:FULL, rate:50, size:130
2025-12-13 17:43:17, EXEC, v:1, k:poo@estacionamento, mode:FULL, rate:0, size:130
2025-12-13 17:43:45, EXEC, v:1, k:poo@estacionamento, mode:FULL, rate:0, size:130
2025-12-13 17:45:26, EXEC, v:1, k:poo@estacionamento, mode:FULL, rate:0
2025-12-13 17:46:36, MOVE, v:1, k:poo@estacionamento, mode:BACK
2025-12-13 17:53:35, MOVE, v:1, k:poo@estacionamento, mode:PICK
2025-12-13 17:53:36, EXEC, v:1, k:poo@estacionamento, mode:FULL, rate:50, size:130
2025-12-13 17:53:37, EXEC, v:1, k:poo@estacionamento, mode:FULL, rate:50
2025-12-13 17:53:55, EXEC, v:1, k:poo@estacionamento, mode:FULL, rate:50, size:130
2025-12-13 18:01:16, MOVE, v:1, k:poo@estacionamento, mode:BACK
2025-12-13 18:07:40, MOVE, v:1, k:poo@estacionamento, mode:PICK
2025-12-13 18:07:41, EXEC, v:1, k:poo@estacionamento, mode:FULL, rate:75, size:140
2025-12-13 18:07:42, EXEC, v:1, k:poo@estacionamento, mode:FULL, rate:75
2025-12-13 18:23:26, EXEC, v:1, k:poo@estacionamento, mode:FULL, rate:75, size:154
2025-12-13 18:30:33, EXEC, v:1, k:poo@estacionamento, mode:FULL, rate:75, size:159
2025-12-13 18:32:16, EXEC, v:1, k:poo@estacionamento, mode:FULL, rate:100, size:160
2025-12-13 18:32:22, MOVE, v:1, k:poo@estacionamento, mode:BACK
2025-12-13 18:32:34, MOVE, v:1, k:poo@estacionamento, mode:PICK
2025-12-13 18:40:52, EXEC, v:1, k:poo@estacionamento, mode:FULL, rate:100, size:177
2025-12-13 18:40:53, EXEC, v:1, k:poo@estacionamento, mode:FULL, rate:100
2025-12-13 18:41:57, EXEC, v:1, k:poo@estacionamento, mode:FULL, rate:100, size:179
2025-12-13 18:42:10, MOVE, v:1, k:poo@estacionamento, mode:BACK
2025-12-13 18:45:42, MOVE, v:1, k:poo@pagamento, mode:PICK
2025-12-13 18:45:43, EXEC, v:1, k:poo@pagamento, mode:LOCK, rate:0, size:64
2025-12-13 18:46:16, MOVE, v:1, k:poo@pagamento, mode:BACK
2025-12-13 18:46:17, MOVE, v:1, k:poo@pagamento, mode:PICK
2025-12-13 18:46:43, MOVE, v:1, k:poo@pagamento, mode:BACK
